
===========================================================================
report_checks -unconstrained
===========================================================================
======================= nom_tt_025C_1v80 Corner ===================================

Startpoint: PADDR[13] (input port clocked by PCLK)
Endpoint: PRDATA[2] (output port clocked by PCLK)
Path Group: PCLK
Path Type: max

Fanout         Cap        Slew       Delay        Time   Description
---------------------------------------------------------------------------------------------
                      0.000000    0.000000    0.000000   clock PCLK (rise edge)
                                  0.000000    0.000000   clock network delay (ideal)
                                  2.000000    2.000000 v input external delay
     1    0.001344    0.005459    0.001987    2.001987 v PADDR[13] (in)
                                                         PADDR[13] (net)
                      0.005459    0.000000    2.001987 v _1281_/A (sky130_fd_sc_hd__or4_2)
     2    0.005605    0.113493    0.666457    2.668444 v _1281_/X (sky130_fd_sc_hd__or4_2)
                                                         _0909_ (net)
                      0.113493    0.000000    2.668444 v _1291_/A (sky130_fd_sc_hd__nor2_2)
    10    0.027304    0.311697    0.302550    2.970993 ^ _1291_/Y (sky130_fd_sc_hd__nor2_2)
                                                         _0916_ (net)
                      0.311697    0.000000    2.970993 ^ _1326_/D_N (sky130_fd_sc_hd__or4bb_2)
     6    0.016371    0.146440    0.632486    3.603480 v _1326_/X (sky130_fd_sc_hd__or4bb_2)
                                                         _0951_ (net)
                      0.146440    0.000000    3.603480 v _1328_/B (sky130_fd_sc_hd__or2_2)
    15    0.036684    0.137888    0.416986    4.020466 v _1328_/X (sky130_fd_sc_hd__or2_2)
                                                         _0953_ (net)
                      0.137888    0.000000    4.020466 v _1359_/A2 (sky130_fd_sc_hd__o221a_2)
     1    0.002260    0.041637    0.292784    4.313250 v _1359_/X (sky130_fd_sc_hd__o221a_2)
                                                         _0982_ (net)
                      0.041637    0.000000    4.313250 v _1360_/B1 (sky130_fd_sc_hd__o211a_2)
     1    0.002195    0.039128    0.123218    4.436467 v _1360_/X (sky130_fd_sc_hd__o211a_2)
                                                         _0983_ (net)
                      0.039128    0.000000    4.436467 v _1361_/B1 (sky130_fd_sc_hd__a21o_2)
     1    0.002188    0.032272    0.174356    4.610824 v _1361_/X (sky130_fd_sc_hd__a21o_2)
                                                         _0984_ (net)
                      0.032272    0.000000    4.610824 v _1362_/A3 (sky130_fd_sc_hd__a32o_2)
     1    0.002145    0.037942    0.245660    4.856483 v _1362_/X (sky130_fd_sc_hd__a32o_2)
                                                         _0985_ (net)
                      0.037942    0.000000    4.856483 v _1363_/B2 (sky130_fd_sc_hd__a22o_2)
     1    0.002260    0.038014    0.212513    5.068995 v _1363_/X (sky130_fd_sc_hd__a22o_2)
                                                         _0986_ (net)
                      0.038014    0.000000    5.068995 v _1364_/B1 (sky130_fd_sc_hd__o211a_2)
     1    0.002195    0.039168    0.121606    5.190602 v _1364_/X (sky130_fd_sc_hd__o211a_2)
                                                         _0987_ (net)
                      0.039168    0.000000    5.190602 v _1365_/B1 (sky130_fd_sc_hd__a21o_2)
     1    0.033442    0.102880    0.259142    5.449744 v _1365_/X (sky130_fd_sc_hd__a21o_2)
                                                         PRDATA[2] (net)
                      0.102880    0.000000    5.449744 v PRDATA[2] (out)
                                              5.449744   data arrival time

                      0.000000   10.000000   10.000000   clock PCLK (rise edge)
                                  0.000000   10.000000   clock network delay (ideal)
                                  0.000000   10.000000   clock reconvergence pessimism
                                 -2.000000    8.000000   output external delay
                                              8.000000   data required time
---------------------------------------------------------------------------------------------
                                              8.000000   data required time
                                             -5.449744   data arrival time
---------------------------------------------------------------------------------------------
                                              2.550256   slack (MET)




===========================================================================
report_checks --slack_max -0.01
============================================================================
======================= nom_tt_025C_1v80 Corner ===================================

No paths found.


===========================================================================
 report_check_types -max_slew -max_cap -max_fanout -violators
============================================================================
======================= nom_tt_025C_1v80 Corner ===================================



===========================================================================
report_parasitic_annotation -report_unannotated
============================================================================
Found 1505 unannotated drivers.
 PADDR[0]
 PADDR[10]
 PADDR[11]
 PADDR[12]
 PADDR[13]
 PADDR[14]
 PADDR[15]
 PADDR[16]
 PADDR[17]
 PADDR[18]
 PADDR[19]
 PADDR[1]
 PADDR[20]
 PADDR[21]
 PADDR[22]
 PADDR[23]
 PADDR[24]
 PADDR[25]
 PADDR[26]
 PADDR[27]
 PADDR[28]
 PADDR[29]
 PADDR[2]
 PADDR[30]
 PADDR[31]
 PADDR[3]
 PADDR[4]
 PADDR[5]
 PADDR[6]
 PADDR[7]
 PADDR[8]
 PADDR[9]
 PCLK
 PENABLE
 PRESETn
 PSEL
 PWDATA[0]
 PWDATA[10]
 PWDATA[11]
 PWDATA[12]
 PWDATA[13]
 PWDATA[14]
 PWDATA[15]
 PWDATA[16]
 PWDATA[17]
 PWDATA[18]
 PWDATA[19]
 PWDATA[1]
 PWDATA[20]
 PWDATA[21]
 PWDATA[22]
 PWDATA[23]
 PWDATA[24]
 PWDATA[25]
 PWDATA[26]
 PWDATA[27]
 PWDATA[28]
 PWDATA[29]
 PWDATA[2]
 PWDATA[30]
 PWDATA[31]
 PWDATA[3]
 PWDATA[4]
 PWDATA[5]
 PWDATA[6]
 PWDATA[7]
 PWDATA[8]
 PWDATA[9]
 PWRITE
 pwm_fault
 _1148_/Y
 _1149_/Y
 _1150_/Y
 _1151_/Y
 _1152_/Y
 _1153_/Y
 _1154_/Y
 _1155_/Y
 _1156_/Y
 _1157_/Y
 _1158_/Y
 _1159_/Y
 _1160_/Y
 _1161_/Y
 _1162_/Y
 _1163_/Y
 _1164_/Y
 _1165_/Y
 _1166_/Y
 _1167_/Y
 _1168_/Y
 _1169_/Y
 _1170_/Y
 _1171_/Y
 _1172_/Y
 _1173_/Y
 _1174_/Y
 _1175_/Y
 _1176_/Y
 _1177_/Y
 _1178_/Y
 _1179_/Y
 _1180_/Y
 _1181_/Y
 _1182_/Y
 _1183_/Y
 _1184_/Y
 _1185_/Y
 _1186_/Y
 _1187_/Y
 _1188_/Y
 _1189_/Y
 _1190_/Y
 _1191_/Y
 _1192_/Y
 _1193_/Y
 _1194_/Y
 _1195_/Y
 _1196_/X
 _1197_/X
 _1198_/Y
 _1199_/X
 _1200_/Y
 _1201_/X
 _1202_/Y
 _1203_/X
 _1204_/Y
 _1205_/X
 _1206_/X
 _1207_/X
 _1208_/X
 _1209_/Y
 _1210_/Y
 _1211_/X
 _1212_/X
 _1213_/X
 _1214_/X
 _1215_/Y
 _1216_/X
 _1217_/Y
 _1218_/X
 _1219_/X
 _1220_/Y
 _1221_/X
 _1222_/X
 _1223_/X
 _1224_/X
 _1225_/X
 _1226_/X
 _1227_/Y
 _1228_/X
 _1229_/X
 _1230_/X
 _1231_/X
 _1232_/X
 _1233_/X
 _1234_/X
 _1235_/X
 _1236_/X
 _1237_/Y
 _1238_/Y
 _1239_/X
 _1240_/X
 _1241_/X
 _1242_/X
 _1243_/X
 _1244_/X
 _1245_/X
 _1246_/X
 _1247_/X
 _1248_/X
 _1249_/X
 _1250_/X
 _1251_/X
 _1252_/X
 _1253_/X
 _1254_/Y
 _1255_/X
 _1256_/Y
 _1257_/X
 _1258_/X
 _1259_/X
 _1260_/X
 _1261_/X
 _1262_/X
 _1263_/X
 _1264_/X
 _1265_/X
 _1266_/X
 _1267_/X
 _1268_/X
 _1269_/X
 _1270_/Y
 _1271_/X
 _1272_/X
 _1273_/X
 _1274_/X
 _1275_/X
 _1276_/X
 _1277_/X
 _1278_/X
 _1279_/X
 _1280_/Y
 _1281_/X
 _1282_/Y
 _1283_/X
 _1284_/X
 _1285_/Y
 _1286_/Y
 _1287_/X
 _1288_/X
 _1289_/X
 _1290_/X
 _1291_/Y
 _1292_/X
 _1293_/Y
 _1294_/X
 _1295_/Y
 _1296_/X
 _1297_/Y
 _1298_/X
 _1299_/Y
 _1300_/Y
 _1301_/X
 _1302_/Y
 _1303_/X
 _1304_/Y
 _1305_/Y
 _1306_/Y
 _1307_/X
 _1308_/X
 _1309_/Y
 _1310_/X
 _1311_/Y
 _1312_/X
 _1313_/X
 _1314_/Y
 _1315_/X
 _1316_/X
 _1317_/X
 _1318_/Y
 _1319_/X
 _1320_/X
 _1321_/X
 _1322_/Y
 _1323_/X
 _1324_/X
 _1325_/X
 _1326_/X
 _1327_/Y
 _1328_/X
 _1329_/Y
 _1330_/X
 _1331_/Y
 _1332_/X
 _1333_/X
 _1334_/X
 _1335_/X
 _1336_/X
 _1337_/X
 _1338_/X
 _1339_/X
 _1340_/X
 _1341_/X
 _1342_/X
 _1343_/X
 _1344_/X
 _1345_/X
 _1346_/X
 _1347_/X
 _1348_/X
 _1349_/X
 _1350_/X
 _1351_/Y
 _1352_/Y
 _1353_/X
 _1354_/X
 _1355_/X
 _1356_/X
 _1357_/X
 _1358_/X
 _1359_/X
 _1360_/X
 _1361_/X
 _1362_/X
 _1363_/X
 _1364_/X
 _1365_/X
 _1366_/X
 _1367_/Y
 _1368_/Y
 _1369_/X
 _1370_/X
 _1371_/X
 _1372_/X
 _1373_/X
 _1374_/X
 _1375_/X
 _1376_/X
 _1377_/X
 _1378_/X
 _1379_/Y
 _1380_/X
 _1381_/X
 _1382_/X
 _1383_/X
 _1384_/X
 _1385_/X
 _1386_/Y
 _1387_/X
 _1388_/X
 _1389_/X
 _1390_/X
 _1391_/X
 _1392_/X
 _1393_/X
 _1394_/Y
 _1395_/X
 _1396_/X
 _1397_/X
 _1398_/X
 _1399_/X
 _1400_/X
 _1401_/X
 _1402_/X
 _1403_/Y
 _1404_/X
 _1405_/X
 _1406_/X
 _1407_/X
 _1408_/X
 _1409_/X
 _1410_/X
 _1411_/X
 _1412_/X
 _1413_/X
 _1414_/X
 _1415_/X
 _1416_/X
 _1417_/X
 _1418_/X
 _1419_/X
 _1420_/Y
 _1421_/X
 _1422_/X
 _1423_/X
 _1424_/X
 _1425_/X
 _1426_/X
 _1427_/X
 _1428_/X
 _1429_/X
 _1430_/X
 _1431_/X
 _1432_/X
 _1433_/X
 _1434_/X
 _1435_/X
 _1436_/X
 _1437_/X
 _1438_/X
 _1439_/X
 _1440_/X
 _1441_/X
 _1442_/X
 _1443_/X
 _1444_/X
 _1445_/X
 _1446_/X
 _1447_/X
 _1448_/X
 _1449_/X
 _1450_/X
 _1451_/X
 _1452_/X
 _1453_/X
 _1454_/X
 _1455_/X
 _1456_/X
 _1457_/Y
 _1458_/X
 _1459_/X
 _1460_/X
 _1461_/X
 _1462_/X
 _1463_/X
 _1464_/X
 _1465_/X
 _1466_/X
 _1467_/X
 _1468_/X
 _1469_/X
 _1470_/X
 _1471_/X
 _1472_/X
 _1473_/X
 _1474_/X
 _1475_/X
 _1476_/X
 _1477_/X
 _1478_/Y
 _1479_/X
 _1480_/X
 _1481_/X
 _1482_/Y
 _1483_/X
 _1484_/X
 _1485_/X
 _1486_/X
 _1487_/X
 _1488_/X
 _1489_/X
 _1490_/X
 _1491_/X
 _1492_/X
 _1493_/X
 _1494_/X
 _1495_/X
 _1496_/X
 _1497_/X
 _1498_/X
 _1499_/X
 _1500_/X
 _1501_/X
 _1502_/X
 _1503_/X
 _1504_/X
 _1505_/X
 _1506_/X
 _1507_/X
 _1508_/X
 _1509_/X
 _1510_/X
 _1511_/Y
 _1512_/X
 _1513_/X
 _1514_/X
 _1515_/Y
 _1516_/X
 _1517_/X
 _1518_/X
 _1519_/X
 _1520_/X
 _1521_/X
 _1522_/X
 _1523_/X
 _1524_/X
 _1525_/X
 _1526_/X
 _1527_/X
 _1528_/X
 _1529_/X
 _1530_/X
 _1531_/Y
 _1532_/X
 _1533_/X
 _1534_/Y
 _1535_/X
 _1536_/X
 _1537_/Y
 _1538_/X
 _1539_/X
 _1540_/Y
 _1541_/X
 _1542_/Y
 _1543_/X
 _1544_/X
 _1545_/Y
 _1546_/X
 _1547_/Y
 _1548_/X
 _1549_/Y
 _1550_/Y
 _1551_/X
 _1552_/Y
 _1553_/X
 _1554_/X
 _1555_/X
 _1556_/Y
 _1557_/Y
 _1558_/X
 _1559_/Y
 _1560_/X
 _1561_/X
 _1562_/X
 _1563_/Y
 _1564_/Y
 _1565_/X
 _1566_/Y
 _1567_/X
 _1568_/X
 _1569_/X
 _1570_/Y
 _1571_/Y
 _1572_/X
 _1573_/Y
 _1574_/X
 _1575_/X
 _1576_/X
 _1577_/Y
 _1578_/X
 _1579_/X
 _1580_/X
 _1581_/Y
 _1582_/X
 _1583_/X
 _1584_/Y
 _1585_/X
 _1586_/X
 _1587_/X
 _1588_/X
 _1589_/X
 _1590_/X
 _1591_/X
 _1592_/X
 _1593_/X
 _1594_/X
 _1595_/X
 _1596_/X
 _1597_/X
 _1598_/X
 _1599_/X
 _1600_/X
 _1601_/X
 _1602_/X
 _1603_/X
 _1604_/X
 _1605_/X
 _1606_/X
 _1607_/X
 _1608_/X
 _1609_/X
 _1610_/X
 _1611_/X
 _1612_/X
 _1613_/X
 _1614_/X
 _1615_/X
 _1616_/X
 _1617_/X
 _1618_/Y
 _1619_/X
 _1620_/Y
 _1621_/Y
 _1622_/Y
 _1623_/X
 _1624_/X
 _1625_/Y
 _1626_/X
 _1627_/X
 _1628_/Y
 _1629_/Y
 _1630_/X
 _1631_/X
 _1632_/X
 _1633_/X
 _1634_/X
 _1635_/Y
 _1636_/X
 _1637_/Y
 _1638_/X
 _1639_/Y
 _1640_/Y
 _1641_/Y
 _1642_/X
 _1643_/X
 _1644_/X
 _1645_/X
 _1646_/X
 _1647_/Y
 _1648_/Y
 _1649_/X
 _1650_/X
 _1651_/X
 _1652_/X
 _1653_/X
 _1654_/X
 _1655_/X
 _1656_/X
 _1657_/X
 _1658_/X
 _1659_/Y
 _1660_/X
 _1661_/X
 _1662_/X
 _1663_/X
 _1664_/X
 _1665_/X
 _1666_/X
 _1667_/X
 _1668_/Y
 _1669_/X
 _1670_/X
 _1671_/Y
 _1672_/X
 _1673_/X
 _1674_/X
 _1675_/X
 _1676_/X
 _1677_/X
 _1678_/X
 _1679_/X
 _1680_/X
 _1681_/X
 _1682_/X
 _1683_/X
 _1684_/X
 _1685_/X
 _1686_/X
 _1687_/X
 _1688_/X
 _1689_/Y
 _1690_/X
 _1691_/X
 _1692_/X
 _1693_/Y
 _1694_/X
 _1695_/X
 _1696_/X
 _1697_/X
 _1698_/X
 _1699_/X
 _1700_/X
 _1701_/X
 _1702_/Y
 _1703_/X
 _1704_/Y
 _1705_/X
 _1706_/X
 _1707_/X
 _1708_/X
 _1709_/X
 _1710_/X
 _1711_/X
 _1712_/X
 _1713_/X
 _1714_/X
 _1715_/X
 _1716_/X
 _1717_/X
 _1718_/X
 _1719_/X
 _1720_/X
 _1721_/Y
 _1722_/X
 _1723_/X
 _1724_/X
 _1725_/X
 _1726_/X
 _1727_/X
 _1728_/X
 _1729_/X
 _1730_/X
 _1731_/X
 _1732_/X
 _1733_/X
 _1734_/X
 _1735_/X
 _1736_/X
 _1737_/X
 _1738_/X
 _1739_/X
 _1740_/X
 _1741_/X
 _1742_/X
 _1743_/X
 _1744_/X
 _1745_/X
 _1746_/X
 _1747_/X
 _1748_/X
 _1749_/X
 _1750_/X
 _1751_/X
 _1752_/X
 _1753_/X
 _1754_/Y
 _1755_/X
 _1756_/X
 _1757_/X
 _1758_/X
 _1759_/X
 _1760_/X
 _1761_/X
 _1762_/X
 _1763_/X
 _1764_/X
 _1765_/X
 _1766_/X
 _1767_/X
 _1768_/X
 _1769_/X
 _1770_/X
 _1771_/X
 _1772_/X
 _1773_/X
 _1774_/X
 _1775_/X
 _1776_/X
 _1777_/X
 _1778_/X
 _1779_/X
 _1780_/X
 _1781_/X
 _1782_/X
 _1783_/X
 _1784_/X
 _1785_/X
 _1786_/X
 _1787_/Y
 _1788_/X
 _1789_/X
 _1790_/X
 _1791_/X
 _1792_/X
 _1793_/X
 _1794_/X
 _1795_/Y
 _1796_/X
 _1797_/X
 _1798_/X
 _1799_/Y
 _1800_/X
 _1801_/X
 _1802_/X
 _1803_/X
 _1804_/X
 _1805_/X
 _1806_/X
 _1807_/X
 _1808_/X
 _1809_/X
 _1810_/X
 _1811_/X
 _1812_/Y
 _1813_/X
 _1814_/X
 _1815_/X
 _1816_/X
 _1817_/X
 _1818_/X
 _1819_/X
 _1820_/X
 _1821_/X
 _1822_/X
 _1823_/X
 _1824_/X
 _1825_/X
 _1826_/X
 _1827_/X
 _1828_/X
 _1829_/Y
 _1830_/X
 _1831_/X
 _1832_/X
 _1833_/X
 _1834_/X
 _1835_/X
 _1836_/X
 _1837_/X
 _1838_/Y
 _1839_/X
 _1840_/X
 _1841_/X
 _1842_/X
 _1843_/X
 _1844_/X
 _1845_/X
 _1846_/X
 _1847_/X
 _1848_/X
 _1849_/X
 _1850_/X
 _1851_/X
 _1852_/X
 _1853_/X
 _1854_/X
 _1855_/X
 _1856_/X
 _1857_/X
 _1858_/X
 _1859_/X
 _1860_/X
 _1861_/X
 _1862_/X
 _1863_/X
 _1864_/X
 _1865_/Y
 _1866_/X
 _1867_/X
 _1868_/X
 _1869_/X
 _1870_/X
 _1871_/X
 _1872_/X
 _1873_/X
 _1874_/X
 _1875_/X
 _1876_/X
 _1877_/X
 _1878_/X
 _1879_/X
 _1880_/X
 _1881_/X
 _1882_/X
 _1883_/Y
 _1884_/X
 _1885_/Y
 _1886_/X
 _1887_/Y
 _1888_/Y
 _1889_/X
 _1890_/X
 _1891_/X
 _1892_/Y
 _1893_/X
 _1894_/Y
 _1895_/X
 _1896_/X
 _1897_/Y
 _1898_/X
 _1899_/Y
 _1900_/X
 _1901_/X
 _1902_/X
 _1903_/X
 _1904_/X
 _1905_/Y
 _1906_/X
 _1907_/X
 _1908_/X
 _1909_/X
 _1910_/Y
 _1911_/Y
 _1912_/Y
 _1913_/X
 _1914_/X
 _1915_/Y
 _1916_/X
 _1917_/X
 _1918_/X
 _1919_/X
 _1920_/X
 _1921_/X
 _1922_/X
 _1923_/Y
 _1924_/Y
 _1925_/X
 _1926_/Y
 _1927_/Y
 _1928_/X
 _1929_/X
 _1930_/X
 _1931_/Y
 _1932_/X
 _1933_/X
 _1934_/X
 _1935_/Y
 _1936_/X
 _1937_/X
 _1938_/X
 _1939_/X
 _1940_/X
 _1941_/X
 _1942_/X
 _1943_/X
 _1944_/X
 _1945_/X
 _1946_/X
 _1947_/X
 _1948_/X
 _1949_/X
 _1950_/X
 _1951_/Y
 _1952_/X
 _1953_/Y
 _1954_/X
 _1955_/Y
 _1956_/X
 _1957_/Y
 _1958_/X
 _1959_/Y
 _1960_/X
 _1961_/Y
 _1962_/X
 _1963_/Y
 _1964_/X
 _1965_/X
 _1966_/Y
 _1967_/Y
 _1968_/X
 _1969_/X
 _1970_/Y
 _1971_/Y
 _1972_/Y
 _1973_/X
 _1974_/Y
 _1975_/X
 _1976_/Y
 _1977_/Y
 _1978_/Y
 _1979_/Y
 _1980_/Y
 _1981_/X
 _1982_/X
 _1983_/X
 _1984_/Y
 _1985_/Y
 _1986_/X
 _1987_/X
 _1988_/X
 _1989_/Y
 _1990_/Y
 _1991_/X
 _1992_/X
 _1993_/X
 _1994_/X
 _1995_/Y
 _1996_/X
 _1997_/X
 _1998_/Y
 _1999_/Y
 _2000_/X
 _2001_/Y
 _2002_/Y
 _2003_/X
 _2004_/X
 _2005_/Y
 _2006_/X
 _2007_/Y
 _2008_/X
 _2009_/X
 _2010_/Y
 _2011_/X
 _2012_/X
 _2013_/Y
 _2014_/X
 _2015_/Y
 _2016_/X
 _2017_/X
 _2018_/X
 _2019_/Y
 _2020_/X
 _2021_/X
 _2022_/X
 _2023_/X
 _2024_/X
 _2025_/Y
 _2026_/Y
 _2027_/X
 _2028_/Y
 _2029_/X
 _2030_/Y
 _2031_/X
 _2032_/X
 _2033_/X
 _2034_/X
 _2035_/Y
 _2036_/X
 _2037_/X
 _2038_/X
 _2039_/Y
 _2040_/X
 _2041_/Y
 _2042_/Y
 _2043_/X
 _2044_/X
 _2045_/X
 _2046_/X
 _2047_/Y
 _2048_/Y
 _2049_/X
 _2050_/Y
 _2051_/X
 _2052_/X
 _2053_/X
 _2054_/X
 _2055_/X
 _2056_/Y
 _2057_/X
 _2058_/X
 _2059_/X
 _2060_/Y
 _2061_/X
 _2062_/Y
 _2063_/Y
 _2064_/X
 _2065_/X
 _2066_/X
 _2067_/X
 _2068_/Y
 _2069_/X
 _2070_/Y
 _2071_/Y
 _2072_/X
 _2073_/X
 _2074_/X
 _2075_/X
 _2076_/Y
 _2077_/Y
 _2078_/X
 _2079_/Y
 _2080_/X
 _2081_/X
 _2082_/X
 _2083_/Y
 _2084_/X
 _2085_/Y
 _2086_/Y
 _2087_/X
 _2088_/X
 _2089_/X
 _2090_/Y
 _2091_/Y
 _2092_/Y
 _2093_/X
 _2094_/Y
 _2095_/X
 _2096_/X
 _2097_/X
 _2098_/Y
 _2099_/X
 _2100_/Y
 _2101_/X
 _2102_/X
 _2103_/X
 _2104_/X
 _2105_/X
 _2106_/Y
 _2107_/Y
 _2108_/X
 _2109_/X
 _2110_/X
 _2111_/X
 _2112_/Y
 _2113_/Y
 _2114_/X
 _2115_/X
 _2116_/X
 _2117_/Y
 _2118_/X
 _2119_/Y
 _2120_/X
 _2121_/X
 _2122_/Y
 _2123_/X
 _2124_/X
 _2125_/X
 _2126_/X
 _2127_/Y
 _2128_/X
 _2129_/Y
 _2130_/Y
 _2131_/X
 _2132_/X
 _2133_/X
 _2134_/Y
 _2135_/X
 _2136_/X
 _2137_/Y
 _2138_/Y
 _2139_/X
 _2140_/X
 _2141_/X
 _2142_/X
 _2143_/Y
 _2144_/Y
 _2145_/X
 _2146_/X
 _2147_/X
 _2148_/X
 _2149_/Y
 _2150_/Y
 _2151_/X
 _2152_/Y
 _2153_/X
 _2154_/X
 _2155_/X
 _2156_/X
 _2157_/X
 _2158_/X
 _2159_/Y
 _2160_/Y
 _2161_/X
 _2162_/X
 _2163_/X
 _2164_/X
 _2165_/Y
 _2166_/X
 _2167_/X
 _2168_/Y
 _2169_/X
 _2170_/Y
 _2171_/Y
 _2172_/Y
 _2173_/X
 _2174_/X
 _2175_/X
 _2176_/X
 _2177_/Y
 _2178_/Y
 _2179_/X
 _2180_/X
 _2181_/X
 _2182_/X
 _2183_/Y
 _2184_/Y
 _2185_/X
 _2186_/X
 _2187_/X
 _2188_/Y
 _2189_/X
 _2190_/X
 _2191_/X
 _2192_/Y
 _2193_/Y
 _2194_/X
 _2195_/Y
 _2196_/X
 _2197_/X
 _2198_/X
 _2199_/X
 _2200_/X
 _2201_/Y
 _2202_/Y
 _2203_/X
 _2204_/X
 _2205_/X
 _2206_/Y
 _2207_/X
 _2208_/Y
 _2209_/X
 _2210_/X
 _2211_/X
 _2212_/X
 _2213_/X
 _2214_/X
 _2215_/Y
 _2216_/X
 _2217_/Y
 _2218_/X
 _2219_/X
 _2220_/X
 _2221_/X
 _2222_/Y
 _2223_/X
 _2224_/Y
 _2225_/Y
 _2226_/X
 _2227_/X
 _2228_/X
 _2229_/X
 _2230_/X
 _2231_/X
 _2232_/X
 _2233_/Y
 _2234_/X
 _2235_/X
 _2236_/X
 _2237_/X
 _2238_/X
 _2239_/X
 _2240_/Y
 _2241_/X
 _2242_/X
 _2243_/X
 _2244_/Y
 _2245_/X
 _2246_/X
 _2247_/X
 _2248_/X
 _2249_/X
 _2250_/Y
 _2251_/Y
 _2252_/X
 _2253_/X
 _2254_/X
 _2255_/X
 _2256_/X
 _2257_/Y
 _2258_/Y
 _2259_/X
 _2260_/X
 _2261_/Y
 _2262_/Y
 _2263_/Y
 _2264_/X
 _2265_/X
 _2266_/X
 _2267_/Y
 _2268_/X
 _2269_/X
 _2270_/X
 _2271_/X
 _2272_/X
 _2273_/X
 _2274_/X
 _2275_/X
 _2276_/X
 _2277_/X
 _2278_/Y
 _2279_/Y
 _2280_/Y
 _2281_/X
 _2282_/X
 _2283_/Y
 _2284_/Y
 _2285_/X
 _2286_/X
 _2287_/X
 _2288_/Y
 _2289_/X
 _2290_/X
 _2291_/X
 _2292_/X
 _2293_/Y
 _2294_/X
 _2295_/X
 _2296_/X
 _2297_/Y
 _2298_/X
 _2299_/X
 _2300_/Y
 _2301_/Y
 _2302_/X
 _2303_/X
 _2304_/Y
 _2305_/Y
 _2306_/X
 _2307_/X
 _2308_/X
 _2309_/X
 _2310_/X
 _2311_/Y
 _2312_/Y
 _2313_/X
 _2314_/X
 _2315_/Y
 _2316_/Y
 _2317_/Y
 _2318_/Y
 _2319_/X
 _2320_/X
 _2321_/X
 _2322_/X
 _2323_/X
 _2324_/X
 _2325_/X
 _2326_/X
 _2327_/Y
 _2328_/X
 _2329_/X
 _2330_/Y
 _2331_/X
 _2332_/Q
 _2333_/Q
 _2334_/Q
 _2335_/Q
 _2336_/Q
 _2337_/Q
 _2338_/Q
 _2339_/Q
 _2340_/Q
 _2341_/Q
 _2342_/Q
 _2343_/Q
 _2344_/Q
 _2345_/Q
 _2346_/Q
 _2347_/Q
 _2348_/Q
 _2349_/Q
 _2350_/Q
 _2351_/Q
 _2352_/Q
 _2353_/Q
 _2354_/Q
 _2355_/Q
 _2356_/Q
 _2357_/Q
 _2358_/Q
 _2359_/Q
 _2360_/Q
 _2361_/Q
 _2362_/Q
 _2363_/Q
 _2364_/Q
 _2365_/Q
 _2366_/Q
 _2367_/Q
 _2368_/Q
 _2369_/Q
 _2370_/Q
 _2371_/Q
 _2372_/Q
 _2373_/Q
 _2374_/Q
 _2375_/Q
 _2376_/Q
 _2377_/Q
 _2378_/Q
 _2379_/Q
 _2380_/Q
 _2381_/Q
 _2382_/Q
 _2383_/Q
 _2384_/Q
 _2385_/Q
 _2386_/Q
 _2387_/Q
 _2388_/Q
 _2389_/Q
 _2390_/Q
 _2391_/Q
 _2392_/Q
 _2393_/Q
 _2394_/Q
 _2395_/Q
 _2396_/Q
 _2397_/Q
 _2398_/Q
 _2399_/Q
 _2400_/Q
 _2401_/Q
 _2402_/Q
 _2403_/Q
 _2404_/Q
 _2405_/Q
 _2406_/Q
 _2407_/Q
 _2408_/Q
 _2409_/Q
 _2410_/Q
 _2411_/Q
 _2412_/Q
 _2413_/Q
 _2414_/Q
 _2415_/Q
 _2416_/Q
 _2417_/Q
 _2418_/Q
 _2419_/Q
 _2420_/Q
 _2421_/Q
 _2422_/Q
 _2423_/Q
 _2424_/Q
 _2425_/Q
 _2426_/Q
 _2427_/Q
 _2428_/Q
 _2429_/Q
 _2430_/Q
 _2431_/Q
 _2432_/Q
 _2433_/Q
 _2434_/Q
 _2435_/Q
 _2436_/Q
 _2437_/Q
 _2438_/Q
 _2439_/Q
 _2440_/Q
 _2441_/Q
 _2442_/Q
 _2443_/Q
 _2444_/Q
 _2445_/Q
 _2446_/Q
 _2447_/Q
 _2448_/Q
 _2449_/Q
 _2450_/Q
 _2451_/Q
 _2452_/Q
 _2453_/Q
 _2454_/Q
 _2455_/Q
 _2456_/Q
 _2457_/Q
 _2458_/Q
 _2459_/Q
 _2460_/Q
 _2461_/Q
 _2462_/Q
 _2463_/Q
 _2464_/Q
 _2465_/Q
 _2466_/Q
 _2467_/Q
 _2468_/Q
 _2469_/Q
 _2470_/Q
 _2471_/Q
 _2472_/Q
 _2473_/Q
 _2474_/Q
 _2475_/Q
 _2476_/Q
 _2477_/Q
 _2478_/Q
 _2479_/Q
 _2480_/Q
 _2481_/Q
 _2482_/Q
 _2483_/Q
 _2484_/Q
 _2485_/Q
 _2486_/Q
 _2487_/Q
 _2488_/Q
 _2489_/Q
 _2490_/Q
 _2491_/Q
 _2492_/Q
 _2493_/Q
 _2494_/Q
 _2495_/Q
 _2496_/Q
 _2497_/Q
 _2498_/Q
 _2499_/Q
 _2500_/Q
 _2501_/Q
 _2502_/Q
 _2503_/Q
 _2504_/Q
 _2505_/Q
 _2506_/Q
 _2507_/Q
 _2508_/Q
 _2509_/Q
 _2510_/Q
 _2511_/Q
 _2512_/Q
 _2513_/Q
 _2514_/Q
 _2515_/Q
 _2516_/Q
 _2517_/Q
 _2518_/Q
 _2519_/Q
 _2520_/Q
 _2521_/Q
 _2522_/Q
 _2523_/Q
 _2524_/Q
 _2525_/Q
 _2526_/Q
 _2527_/Q
 _2528_/Q
 _2529_/Q
 _2530_/Q
 _2531_/Q
 _2532_/Q
 _2533_/Q
 _2534_/Q
 _2535_/Q
 _2536_/Q
 _2537_/Q
 _2538_/Q
 _2539_/Q
 _2540_/Q
 _2541_/Q
 _2542_/Q
 _2543_/Q
 _2544_/Q
 _2545_/Q
 _2546_/Q
 _2547_/Q
 _2548_/Q
 _2549_/Q
 _2550_/Q
 _2551_/Q
 _2552_/Q
 _2553_/Q
 _2554_/Q
 _2555_/Q
 _2556_/Q
 _2557_/Q
 _2558_/Q
 _2559_/Q
 _2560_/Q
 _2561_/Q
 _2562_/Q
 _2563_/Q
 _2564_/Q
 _2565_/Q
 _2566_/Q
 _2567_/Q
 _2568_/Q
 _2569_/Q
 _2570_/Q
 _2571_/Q
 _2572_/Q
 _2573_/Q
 _2574_/Q
 _2575_/Q
 _2576_/Q
 _2577_/Q
 _2578_/Q
 _2579_/Q
 _2580_/Q
 _2581_/X
 _2582_/X
Found 0 partially unannotated drivers.

===========================================================================
max slew violation count 0
max fanout violation count 0
max cap violation count 0
============================================================================

===========================================================================
check_setup -verbose -unconstrained_endpoints -multiple_clock -no_clock -no_input_delay -loops -generated_clocks
===========================================================================
Warning: There is 1 input port missing set_input_delay.
  PRESETn
Warning: There is 1 unconstrained endpoint.
  PREADY
