56. Printing statistics.

=== EF_TMR32_APB ===

   Number of wires:               1990
   Number of wire bits:           2315
   Number of public wires:          49
   Number of public wire bits:     370
   Number of memories:               0
   Number of memory bits:            0
   Number of processes:              0
   Number of cells:               2230
     $_ANDNOT_                     384
     $_AND_                         45
     $_MUX_                        673
     $_NAND_                        54
     $_NOR_                         63
     $_NOT_                        122
     $_ORNOT_                       34
     $_OR_                         363
     $_XNOR_                         9
     $_XOR_                        234
     sky130_fd_sc_hd__dfrtp_2      246
     sky130_fd_sc_hd__dfstp_2        2
     sky130_fd_sc_hd__dfxtp_2        1

   Area for cell type $_NOT_ is unknown!
   Area for cell type $_AND_ is unknown!
   Area for cell type $_NAND_ is unknown!
   Area for cell type $_OR_ is unknown!
   Area for cell type $_NOR_ is unknown!
   Area for cell type $_XOR_ is unknown!
   Area for cell type $_XNOR_ is unknown!
   Area for cell type $_ANDNOT_ is unknown!
   Area for cell type $_ORNOT_ is unknown!
   Area for cell type $_MUX_ is unknown!

   Chip area for module '\EF_TMR32_APB': 6537.520000

