50. Printing statistics.

=== EF_TMR32_APB ===

   Number of wires:               1763
   Number of wire bits:           2088
   Number of public wires:          49
   Number of public wire bits:     370
   Number of memories:               0
   Number of memory bits:            0
   Number of processes:              0
   Number of cells:               2003
     $_ANDNOT_                     384
     $_AND_                         45
     $_DFFE_PN0P_                  226
     $_DFFE_PN1P_                    1
     $_DFF_PN0_                     20
     $_DFF_PN1_                      1
     $_DFF_P_                        1
     $_MUX_                        446
     $_NAND_                        54
     $_NOR_                         63
     $_NOT_                        122
     $_ORNOT_                       34
     $_OR_                         363
     $_XNOR_                         9
     $_XOR_                        234

   Area for cell type $_NOT_ is unknown!
   Area for cell type $_AND_ is unknown!
   Area for cell type $_NAND_ is unknown!
   Area for cell type $_OR_ is unknown!
   Area for cell type $_NOR_ is unknown!
   Area for cell type $_XOR_ is unknown!
   Area for cell type $_XNOR_ is unknown!
   Area for cell type $_ANDNOT_ is unknown!
   Area for cell type $_ORNOT_ is unknown!
   Area for cell type $_MUX_ is unknown!
   Area for cell type $_DFF_P_ is unknown!
   Area for cell type $_DFF_PN0_ is unknown!
   Area for cell type $_DFF_PN1_ is unknown!
   Area for cell type $_DFFE_PN0P_ is unknown!
   Area for cell type $_DFFE_PN1P_ is unknown!

